[2023-11-10 13:25:57.283] [info]  [Motrix] Logger init
[2023-11-10 13:25:57.289] [warn]  [Motrix] Logger init
[2023-11-10 13:25:57.427] [info]  [Motrix] openedAtLogin: false
[2023-11-10 13:25:57.593] [info]  [Motrix] Context.init===> {
  platform: 'linux',
  arch: 'x64',
  'log-path': '/home/aman/.config/Motrix/logs',
  'session-path': '/home/aman/.config/Motrix/download.session',
  'engine-path': '/opt/Motrix/resources/engine',
  'aria2-bin-path': '/opt/Motrix/resources/engine/aria2c',
  'aria2-conf-path': '/opt/Motrix/resources/engine/aria2.conf'
}
[2023-11-10 13:25:59.903] [warn]  [Motrix] UPnPManager map 21301 failed, error:  UPnP port mapping failed
[2023-11-10 13:25:59.904] [warn]  [Motrix] UPnPManager map 26701 failed, error:  UPnP port mapping failed
[2023-11-10 13:26:01.041] [warn]  [Motrix] auto sync tracker data: [
  'udp://93.158.213.92:1337/announce\n' +
    '\n' +
    'udp://152.231.114.116:1337/announce\n' +
    '\n' +
    'udp://102.223.180.235:6969/announce\n' +
    '\n' +
    'udp://23.134.88.6:1337/announce\n' +
    '\n' +
    'udp://193.189.100.188:6969/announce\n' +
    '\n' +
    'udp://185.243.218.213:80/announce\n' +
    '\n' +
    'udp://208.83.20.20:6969/announce\n' +
    '\n' +
    'udp://91.216.110.52:451/announce\n' +
    '\n' +
    'udp://23.157.120.14:6969/announce\n' +
    '\n' +
    'udp://83.146.97.90:6969/announce\n' +
    '\n' +
    'udp://109.201.134.183:80/announce\n' +
    '\n' +
    'udp://185.102.219.163:6969/announce\n' +
    '\n' +
    'udp://156.234.201.18:80/announce\n' +
    '\n' +
    'udp://209.141.59.16:6969/announce\n' +
    '\n' +
    'udp://34.94.213.23:6969/announce\n' +
    '\n',
  'udp://tracker.opentrackr.org:1337/announce\n' +
    '\n' +
    'https://tracker2.ctix.cn:443/announce\n' +
    '\n' +
    'https://tracker1.520.jp:443/announce\n' +
    '\n' +
    'udp://open.tracker.cl:1337/announce\n' +
    '\n' +
    'udp://opentracker.i2p.rocks:6969/announce\n' +
    '\n' +
    'udp://open.demonii.com:1337/announce\n' +
    '\n' +
    'udp://tracker.openbittorrent.com:6969/announce\n' +
    '\n' +
    'http://tracker.openbittorrent.com:80/announce\n' +
    '\n' +
    'udp://open.stealth.si:80/announce\n' +
    '\n' +
    'udp://exodus.desync.com:6969/announce\n' +
    '\n' +
    'udp://tracker.torrent.eu.org:451/announce\n' +
    '\n' +
    'udp://explodie.org:6969/announce\n' +
    '\n' +
    'udp://tracker.tiny-vps.com:6969/announce\n' +
    '\n' +
    'udp://tracker-udp.gbitt.info:80/announce\n' +
    '\n' +
    'https://tracker.gbitt.info:443/announce\n' +
    '\n' +
    'http://tracker.gbitt.info:80/announce\n' +
    '\n' +
    'udp://uploads.gamecoast.net:6969/announce\n' +
    '\n' +
    'udp://tracker1.bt.moack.co.kr:80/announce\n' +
    '\n' +
    'udp://tracker.theoks.net:6969/announce\n' +
    '\n' +
    'udp://tracker.dump.cl:6969/announce\n' +
    '\n'
]
[2023-11-27 22:45:45.984] [info]  [Motrix] Logger init
[2023-11-27 22:45:46.019] [warn]  [Motrix] Logger init
[2023-11-27 22:45:46.568] [info]  [Motrix] openedAtLogin: false
[2023-11-27 22:45:47.063] [info]  [Motrix] Context.init===> {
  platform: 'linux',
  arch: 'x64',
  'log-path': '/home/aman/.config/Motrix/logs',
  'session-path': '/home/aman/.config/Motrix/download.session',
  'engine-path': '/opt/Motrix/resources/engine',
  'aria2-bin-path': '/opt/Motrix/resources/engine/aria2c',
  'aria2-conf-path': '/opt/Motrix/resources/engine/aria2.conf'
}
[2023-11-27 22:45:53.555] [warn]  [Motrix] UPnPManager map 21301 failed, error:  UPnP port mapping failed
[2023-11-27 22:45:53.559] [warn]  [Motrix] UPnPManager map 26701 failed, error:  UPnP port mapping failed
[2023-11-27 22:45:54.718] [warn]  [Motrix] auto sync tracker data: [
  'udp://93.158.213.92:1337/announce\n' +
    '\n' +
    'udp://102.223.180.235:6969/announce\n' +
    '\n' +
    'udp://23.134.88.6:1337/announce\n' +
    '\n' +
    'udp://193.189.100.189:6969/announce\n' +
    '\n' +
    'udp://185.243.218.213:80/announce\n' +
    '\n' +
    'udp://208.83.20.20:6969/announce\n' +
    '\n' +
    'udp://91.216.110.53:451/announce\n' +
    '\n' +
    'udp://23.157.120.14:6969/announce\n' +
    '\n' +
    'udp://156.234.201.18:80/announce\n' +
    '\n' +
    'udp://185.50.159.149:6969/announce\n' +
    '\n' +
    'udp://209.141.59.16:6969/announce\n' +
    '\n' +
    'udp://109.201.134.183:80/announce\n' +
    '\n' +
    'udp://34.94.213.23:6969/announce\n' +
    '\n' +
    'udp://185.102.219.163:6969/announce\n' +
    '\n',
  'udp://tracker.opentrackr.org:1337/announce\n' +
    '\n' +
    'https://tracker2.ctix.cn:443/announce\n' +
    '\n' +
    'https://tracker1.520.jp:443/announce\n' +
    '\n' +
    'udp://opentracker.i2p.rocks:6969/announce\n' +
    '\n' +
    'udp://open.demonii.com:1337/announce\n' +
    '\n' +
    'udp://tracker.openbittorrent.com:6969/announce\n' +
    '\n' +
    'udp://open.stealth.si:80/announce\n' +
    '\n' +
    'udp://exodus.desync.com:6969/announce\n' +
    '\n' +
    'udp://tracker.torrent.eu.org:451/announce\n' +
    '\n' +
    'udp://tracker1.bt.moack.co.kr:80/announce\n' +
    '\n' +
    'udp://tracker-udp.gbitt.info:80/announce\n' +
    '\n' +
    'udp://p4p.arenabg.com:1337/announce\n' +
    '\n' +
    'udp://explodie.org:6969/announce\n' +
    '\n' +
    'https://tracker.gbitt.info:443/announce\n' +
    '\n' +
    'http://tracker.gbitt.info:80/announce\n' +
    '\n' +
    'udp://uploads.gamecoast.net:6969/announce\n' +
    '\n' +
    'udp://tracker.tiny-vps.com:6969/announce\n' +
    '\n' +
    'udp://tracker.theoks.net:6969/announce\n' +
    '\n' +
    'udp://tracker.filemail.com:6969/announce\n' +
    '\n' +
    'udp://sanincode.com:6969/announce\n' +
    '\n'
]
[2023-12-24 12:38:19.329] [info]  [Motrix] Logger init
[2023-12-24 12:38:19.355] [warn]  [Motrix] Logger init
[2023-12-24 12:38:19.759] [info]  [Motrix] openedAtLogin: false
[2023-12-24 12:38:20.806] [info]  [Motrix] Context.init===> {
  platform: 'linux',
  arch: 'x64',
  'log-path': '/home/aman/.config/Motrix/logs',
  'session-path': '/home/aman/.config/Motrix/download.session',
  'engine-path': '/opt/Motrix/resources/engine',
  'aria2-bin-path': '/opt/Motrix/resources/engine/aria2c',
  'aria2-conf-path': '/opt/Motrix/resources/engine/aria2.conf'
}
[2023-12-24 12:38:26.056] [warn]  [Motrix] UPnPManager map 21301 failed, error:  UPnP port mapping failed
[2023-12-24 12:38:26.060] [warn]  [Motrix] UPnPManager map 26701 failed, error:  UPnP port mapping failed
[2023-12-24 12:38:26.688] [warn]  [Motrix] auto sync tracker data: [
  'udp://93.158.213.92:1337/announce\n' +
    '\n' +
    'udp://102.223.180.235:6969/announce\n' +
    '\n' +
    'udp://23.134.88.6:1337/announce\n' +
    '\n' +
    'udp://185.243.218.213:80/announce\n' +
    '\n' +
    'udp://91.216.110.53:451/announce\n' +
    '\n' +
    'udp://208.83.20.20:6969/announce\n' +
    '\n' +
    'udp://23.157.120.14:6969/announce\n' +
    '\n' +
    'udp://185.102.219.163:6969/announce\n' +
    '\n' +
    'udp://185.50.159.149:6969/announce\n' +
    '\n' +
    'udp://209.141.59.16:6969/announce\n' +
    '\n' +
    'udp://35.227.12.84:6969/announce\n' +
    '\n' +
    'udp://35.227.12.84:1337/announce\n' +
    '\n' +
    'udp://5.196.89.204:6969/announce\n' +
    '\n' +
    'udp://83.102.180.21:80/announce\n' +
    '\n' +
    'udp://185.230.4.150:1337/announce\n' +
    '\n' +
    'udp://104.244.77.87:6969/announce\n' +
    '\n' +
    'udp://198.100.149.66:6969/announce\n' +
    '\n',
  'udp://tracker.opentrackr.org:1337/announce\n' +
    '\n' +
    'udp://opentracker.i2p.rocks:6969/announce\n' +
    '\n' +
    'udp://open.demonii.com:1337/announce\n' +
    '\n' +
    'udp://tracker.openbittorrent.com:6969/announce\n' +
    '\n' +
    'http://tracker.openbittorrent.com:80/announce\n' +
    '\n' +
    'udp://open.stealth.si:80/announce\n' +
    '\n' +
    'udp://tracker.torrent.eu.org:451/announce\n' +
    '\n' +
    'udp://exodus.desync.com:6969/announce\n' +
    '\n' +
    'udp://explodie.org:6969/announce\n' +
    '\n' +
    'udp://uploads.gamecoast.net:6969/announce\n' +
    '\n' +
    'udp://tracker.tiny-vps.com:6969/announce\n' +
    '\n' +
    'udp://tracker.theoks.net:6969/announce\n' +
    '\n' +
    'udp://tracker.moeking.me:6969/announce\n' +
    '\n' +
    'udp://tracker.dump.cl:6969/announce\n' +
    '\n' +
    'udp://tracker.bittor.pw:1337/announce\n' +
    '\n' +
    'udp://thouvenin.cloud:6969/announce\n' +
    '\n' +
    'udp://retracker01-msk-virt.corbina.net:80/announce\n' +
    '\n' +
    'udp://p4p.arenabg.com:1337/announce\n' +
    '\n' +
    'udp://open.u-p.pw:6969/announce\n' +
    '\n' +
    'udp://movies.zsw.ca:6969/announce\n' +
    '\n'
]
[2023-12-24 12:38:32.181] [warn]  [Motrix] call client fail: request to http://127.0.0.1:16800/jsonrpc failed, reason: socket hang up
[2023-12-24 21:05:19.197] [info]  [Motrix] Logger init
[2023-12-24 21:05:19.226] [warn]  [Motrix] Logger init
[2023-12-24 21:05:19.797] [info]  [Motrix] openedAtLogin: false
[2023-12-24 21:05:20.373] [info]  [Motrix] Context.init===> {
  platform: 'linux',
  arch: 'x64',
  'log-path': '/home/aman/.config/Motrix/logs',
  'session-path': '/home/aman/.config/Motrix/download.session',
  'engine-path': '/opt/Motrix/resources/engine',
  'aria2-bin-path': '/opt/Motrix/resources/engine/aria2c',
  'aria2-conf-path': '/opt/Motrix/resources/engine/aria2.conf'
}
[2023-12-24 21:05:29.483] [warn]  [Motrix] UPnPManager map 21301 failed, error:  UPnP port mapping failed
[2023-12-24 21:05:29.493] [warn]  [Motrix] UPnPManager map 26701 failed, error:  UPnP port mapping failed
[2024-02-02 20:54:00.834] [info]  [Motrix] Logger init
[2024-02-02 20:54:00.858] [warn]  [Motrix] Logger init
[2024-02-02 20:54:01.329] [info]  [Motrix] openedAtLogin: false
[2024-02-02 20:54:01.686] [info]  [Motrix] Context.init===> {
  platform: 'linux',
  arch: 'x64',
  'log-path': '/home/aman/.config/Motrix/logs',
  'session-path': '/home/aman/.config/Motrix/download.session',
  'engine-path': '/opt/Motrix/resources/engine',
  'aria2-bin-path': '/opt/Motrix/resources/engine/aria2c',
  'aria2-conf-path': '/opt/Motrix/resources/engine/aria2.conf'
}
[2024-02-02 20:54:07.516] [warn]  [Motrix] UPnPManager map 21301 failed, error:  UPnP port mapping failed
[2024-02-02 20:54:07.520] [warn]  [Motrix] UPnPManager map 26701 failed, error:  UPnP port mapping failed
[2024-02-02 20:54:09.425] [warn]  [Motrix] auto sync tracker data: [
  'udp://93.158.213.92:1337/announce\n' +
    '\n' +
    'udp://23.137.251.46:6969/announce\n' +
    '\n' +
    'udp://23.134.88.6:1337/announce\n' +
    '\n' +
    'udp://186.10.172.92:1337/announce\n' +
    '\n' +
    'udp://185.243.218.213:80/announce\n' +
    '\n' +
    'udp://91.216.110.52:451/announce\n' +
    '\n' +
    'udp://107.189.11.58:6969/announce\n' +
    '\n' +
    'udp://23.157.120.14:6969/announce\n' +
    '\n' +
    'udp://208.83.20.20:6969/announce\n' +
    '\n' +
    'udp://156.234.201.18:80/announce\n' +
    '\n' +
    'udp://209.141.59.16:6969/announce\n' +
    '\n' +
    'udp://109.201.134.183:80/announce\n' +
    '\n' +
    'udp://83.102.180.21:80/announce\n' +
    '\n' +
    'udp://198.100.149.66:6969/announce\n' +
    '\n',
  'udp://tracker.opentrackr.org:1337/announce\n' +
    '\n' +
    'udp://tracker.auctor.tv:6969/announce\n' +
    '\n' +
    'udp://opentracker.i2p.rocks:6969/announce\n' +
    '\n' +
    'https://opentracker.i2p.rocks:443/announce\n' +
    '\n' +
    'udp://open.demonii.com:1337/announce\n' +
    '\n' +
    'http://tracker.openbittorrent.com:80/announce\n' +
    '\n' +
    'udp://open.stealth.si:80/announce\n' +
    '\n' +
    'udp://tracker.torrent.eu.org:451/announce\n' +
    '\n' +
    'udp://tracker.moeking.me:6969/announce\n' +
    '\n' +
    'udp://explodie.org:6969/announce\n' +
    '\n' +
    'udp://exodus.desync.com:6969/announce\n' +
    '\n' +
    'udp://uploads.gamecoast.net:6969/announce\n' +
    '\n' +
    'udp://tracker.tiny-vps.com:6969/announce\n' +
    '\n' +
    'udp://tracker.theoks.net:6969/announce\n' +
    '\n' +
    'udp://tracker.skyts.net:6969/announce\n' +
    '\n' +
    'udp://tracker-udp.gbitt.info:80/announce\n' +
    '\n' +
    'udp://retracker01-msk-virt.corbina.net:80/announce\n' +
    '\n' +
    'udp://open.tracker.ink:6969/announce\n' +
    '\n' +
    'udp://movies.zsw.ca:6969/announce\n' +
    '\n' +
    'udp://bt.ktrackers.com:6666/announce\n' +
    '\n'
]
[2024-02-15 19:11:14.454] [info]  [Motrix] Logger init
[2024-02-15 19:11:14.474] [warn]  [Motrix] Logger init
[2024-02-15 19:11:14.940] [info]  [Motrix] openedAtLogin: false
[2024-02-15 19:11:15.382] [info]  [Motrix] Context.init===> {
  platform: 'linux',
  arch: 'x64',
  'log-path': '/home/aman/.config/Motrix/logs',
  'session-path': '/home/aman/.config/Motrix/download.session',
  'engine-path': '/opt/Motrix/resources/engine',
  'aria2-bin-path': '/opt/Motrix/resources/engine/aria2c',
  'aria2-conf-path': '/opt/Motrix/resources/engine/aria2.conf'
}
[2024-02-15 19:11:21.790] [warn]  [Motrix] UPnPManager map 21301 failed, error:  UPnP port mapping failed
[2024-02-15 19:11:21.794] [warn]  [Motrix] UPnPManager map 26701 failed, error:  UPnP port mapping failed
[2024-02-15 19:11:23.550] [warn]  [Motrix] auto sync tracker data: [
  'udp://93.158.213.92:1337/announce\n' +
    '\n' +
    'udp://152.231.114.71:1337/announce\n' +
    '\n' +
    'udp://23.137.251.46:6969/announce\n' +
    '\n' +
    'udp://23.134.90.6:1337/announce\n' +
    '\n' +
    'udp://185.243.218.213:80/announce\n' +
    '\n' +
    'udp://91.216.110.53:451/announce\n' +
    '\n' +
    'udp://107.189.11.58:6969/announce\n' +
    '\n' +
    'udp://23.157.120.14:6969/announce\n' +
    '\n' +
    'udp://208.83.20.20:6969/announce\n' +
    '\n' +
    'udp://222.216.138.77:6969/announce\n' +
    '\n' +
    'udp://83.102.180.21:80/announce\n' +
    '\n' +
    'udp://198.100.149.66:6969/announce\n' +
    '\n' +
    'udp://220.130.15.30:80/announce\n' +
    '\n' +
    'udp://193.42.111.57:9337/announce\n' +
    '\n' +
    'udp://83.146.98.78:6969/announce\n' +
    '\n' +
    'udp://209.141.59.16:6969/announce\n' +
    '\n',
  'udp://tracker.opentrackr.org:1337/announce\n' +
    '\n' +
    'udp://open.tracker.cl:1337/announce\n' +
    '\n' +
    'udp://tracker.auctor.tv:6969/announce\n' +
    '\n' +
    'udp://opentracker.i2p.rocks:6969/announce\n' +
    '\n' +
    'https://opentracker.i2p.rocks:443/announce\n' +
    '\n' +
    'udp://open.demonii.com:1337/announce\n' +
    '\n' +
    'udp://open.stealth.si:80/announce\n' +
    '\n' +
    'udp://tracker.torrent.eu.org:451/announce\n' +
    '\n' +
    'udp://tracker.moeking.me:6969/announce\n' +
    '\n' +
    'udp://explodie.org:6969/announce\n' +
    '\n' +
    'udp://exodus.desync.com:6969/announce\n' +
    '\n' +
    'udp://tracker.skyts.net:6969/announce\n' +
    '\n' +
    'udp://retracker01-msk-virt.corbina.net:80/announce\n' +
    '\n' +
    'udp://open.tracker.ink:6969/announce\n' +
    '\n' +
    'udp://movies.zsw.ca:6969/announce\n' +
    '\n' +
    'https://tracker.tamersunion.org:443/announce\n' +
    '\n' +
    'udp://tracker2.dler.org:80/announce\n' +
    '\n' +
    'udp://tracker1.myporn.club:9337/announce\n' +
    '\n' +
    'udp://tracker.tiny-vps.com:6969/announce\n' +
    '\n' +
    'udp://tracker.theoks.net:6969/announce\n' +
    '\n'
]
[2024-02-29 17:50:09.923] [info]  [Motrix] Logger init
[2024-02-29 17:50:09.947] [warn]  [Motrix] Logger init
[2024-02-29 17:50:10.351] [info]  [Motrix] openedAtLogin: false
[2024-02-29 17:50:10.830] [info]  [Motrix] Context.init===> {
  platform: 'linux',
  arch: 'x64',
  'log-path': '/home/aman/.config/Motrix/logs',
  'session-path': '/home/aman/.config/Motrix/download.session',
  'engine-path': '/opt/Motrix/resources/engine',
  'aria2-bin-path': '/opt/Motrix/resources/engine/aria2c',
  'aria2-conf-path': '/opt/Motrix/resources/engine/aria2.conf'
}
[2024-02-29 17:50:15.610] [warn]  [Motrix] UPnPManager map 21301 failed, error:  UPnP port mapping failed
[2024-02-29 17:50:15.615] [warn]  [Motrix] UPnPManager map 26701 failed, error:  UPnP port mapping failed
[2024-02-29 17:50:17.336] [warn]  [Motrix] auto sync tracker data: [
  'udp://93.158.213.92:1337/announce\n' +
    '\n' +
    'udp://186.10.181.146:1337/announce\n' +
    '\n' +
    'udp://23.137.251.46:6969/announce\n' +
    '\n' +
    'udp://185.243.218.213:80/announce\n' +
    '\n' +
    'udp://91.216.110.53:451/announce\n' +
    '\n' +
    'udp://208.83.20.20:6969/announce\n' +
    '\n' +
    'udp://222.84.22.43:6969/announce\n' +
    '\n' +
    'udp://107.189.11.58:6969/announce\n' +
    '\n' +
    'udp://109.201.134.183:80/announce\n' +
    '\n' +
    'udp://198.100.149.66:6969/announce\n' +
    '\n' +
    'udp://23.157.120.14:6969/announce\n' +
    '\n' +
    'udp://83.146.98.78:6969/announce\n' +
    '\n' +
    'udp://94.243.222.100:6969/announce\n' +
    '\n',
  'udp://tracker.opentrackr.org:1337/announce\n' +
    '\n' +
    'udp://open.tracker.cl:1337/announce\n' +
    '\n' +
    'udp://tracker.auctor.tv:6969/announce\n' +
    '\n' +
    'udp://opentracker.i2p.rocks:6969/announce\n' +
    '\n' +
    'https://opentracker.i2p.rocks:443/announce\n' +
    '\n' +
    'udp://open.demonii.com:1337/announce\n' +
    '\n' +
    'udp://open.stealth.si:80/announce\n' +
    '\n' +
    'udp://tracker.torrent.eu.org:451/announce\n' +
    '\n' +
    'udp://exodus.desync.com:6969/announce\n' +
    '\n' +
    'udp://tracker.skyts.net:6969/announce\n' +
    '\n' +
    'udp://tracker.moeking.me:6969/announce\n' +
    '\n' +
    'udp://tracker-udp.gbitt.info:80/announce\n' +
    '\n' +
    'udp://open.tracker.ink:6969/announce\n' +
    '\n' +
    'udp://movies.zsw.ca:6969/announce\n' +
    '\n' +
    'udp://explodie.org:6969/announce\n' +
    '\n' +
    'https://tracker.tamersunion.org:443/announce\n' +
    '\n' +
    'https://tracker.gbitt.info:443/announce\n' +
    '\n' +
    'http://tracker.gbitt.info:80/announce\n' +
    '\n' +
    'udp://tracker.tiny-vps.com:6969/announce\n' +
    '\n' +
    'udp://new-line.net:6969/announce\n' +
    '\n'
]
